<?xml version="1.0" encoding="UTF-8"?>
<testsuite name="MyUtilsTest" tests="1" skipped="0" failures="0" errors="0" timestamp="2022-04-04T06:20:55" hostname="Tanakas-MacBook-Air.local" time="0.003">
  <properties/>
  <testcase name="testMax" classname="MyUtilsTest" time="0.003"/>
  <system-out><![CDATA[]]></system-out>
  <system-err><![CDATA[]]></system-err>
</testsuite>
